Angkatan: 2024, Search: n
Data ditemukan: [{"id":"1234","text":"1234 - Theo Darmawan"},{"id":"3121","text":"3121 - Theo Darmawan"},{"id":"7025","text":"7025 - Andin Pratiwi"},{"id":"7028","text":"7028 - Ghazy Maulana Pratama"},{"id":"7029","text":"7029 - Gusti Ngurah Agung Setiawan"}]
Angkatan: 2024, Search: j
Data ditemukan: []
Angkatan: 2024, Search: t
Data ditemukan: [{"id":"1234","text":"1234 - Theo Darmawan"},{"id":"3121","text":"3121 - Theo Darmawan"},{"id":"7025","text":"7025 - Andin Pratiwi"},{"id":"7026","text":"7026 - Gede Ardi Dharma Putra"},{"id":"7028","text":"7028 - Ghazy Maulana Pratama"},{"id":"7029","text":"7029 - Gusti Ngurah Agung Setiawan"}]
Angkatan: 2024, Search: th
Data ditemukan: [{"id":"1234","text":"1234 - Theo Darmawan"},{"id":"3121","text":"3121 - Theo Darmawan"}]
Angkatan: 2024, Search: t
Data ditemukan: [{"id":"1234","text":"1234 - Theo Darmawan"},{"id":"3121","text":"3121 - Theo Darmawan"},{"id":"7025","text":"7025 - Andin Pratiwi"},{"id":"7026","text":"7026 - Gede Ardi Dharma Putra"},{"id":"7028","text":"7028 - Ghazy Maulana Pratama"},{"id":"7029","text":"7029 - Gusti Ngurah Agung Setiawan"}]
Angkatan: 2024, Search: j
Data ditemukan: []
Angkatan: 2024, Search: jbj
Data ditemukan: []
Angkatan: 2024, Search: jbjb
Data ditemukan: []
Angkatan: 2024, Search: jbj
Data ditemukan: []
Angkatan: 2024, Search: j
Data ditemukan: []
Angkatan: 2024, Search: Theo
Data ditemukan: [{"id":"1234","text":"1234 - Theo Darmawan"},{"id":"3121","text":"3121 - Theo Darmawan"}]
Angkatan: 2024, Search: t
Data ditemukan: [{"id":"1234","text":"1234 - Theo Darmawan"},{"id":"3121","text":"3121 - Theo Darmawan"},{"id":"7025","text":"7025 - Andin Pratiwi"},{"id":"7026","text":"7026 - Gede Ardi Dharma Putra"},{"id":"7028","text":"7028 - Ghazy Maulana Pratama"},{"id":"7029","text":"7029 - Gusti Ngurah Agung Setiawan"}]
Angkatan: 2024, Search: th
Data ditemukan: [{"id":"1234","text":"1234 - Theo Darmawan"},{"id":"3121","text":"3121 - Theo Darmawan"}]
Angkatan: 2024, Search: s
Data ditemukan: [{"id":"7029","text":"7029 - Gusti Ngurah Agung Setiawan"}]
Angkatan: 2024, Search: ssda
Data ditemukan: []
Angkatan: 2024, Search: ssd
Data ditemukan: []
Angkatan: 2024, Search: s
Data ditemukan: [{"id":"7029","text":"7029 - Gusti Ngurah Agung Setiawan"}]
Angkatan: 2024, Search: s
Data ditemukan: [{"id":"7029","text":"7029 - Gusti Ngurah Agung Setiawan"}]
Angkatan: 2024, Search: sa
Data ditemukan: []
Angkatan: 2024, Search: dsa
Data ditemukan: []
Angkatan: 2024, Search: d
Data ditemukan: [{"id":"1234","text":"1234 - Theo Darmawan"},{"id":"3121","text":"3121 - Theo Darmawan"},{"id":"7025","text":"7025 - Andin Pratiwi"},{"id":"7026","text":"7026 - Gede Ardi Dharma Putra"}]
Angkatan: 2024, Search: sda
Data ditemukan: []
Angkatan: 2024, Search: s
Data ditemukan: [{"id":"7029","text":"7029 - Gusti Ngurah Agung Setiawan"}]
Angkatan: 2024, Search: theo
Data ditemukan: [{"id":"1234","text":"1234 - Theo Darmawan"},{"id":"3121","text":"3121 - Theo Darmawan"}]
Angkatan: 2024, Search: the
Data ditemukan: [{"id":"1234","text":"1234 - Theo Darmawan"},{"id":"3121","text":"3121 - Theo Darmawan"}]
Angkatan: 2024, Search: t
Data ditemukan: [{"id":"1234","text":"1234 - Theo Darmawan"},{"id":"3121","text":"3121 - Theo Darmawan"},{"id":"7025","text":"7025 - Andin Pratiwi"},{"id":"7026","text":"7026 - Gede Ardi Dharma Putra"},{"id":"7028","text":"7028 - Ghazy Maulana Pratama"},{"id":"7029","text":"7029 - Gusti Ngurah Agung Setiawan"}]
Angkatan: 2024, Search: 70
Data ditemukan: [{"id":"7025","text":"7025 - Andin Pratiwi"},{"id":"7026","text":"7026 - Gede Ardi Dharma Putra"},{"id":"7028","text":"7028 - Ghazy Maulana Pratama"},{"id":"7029","text":"7029 - Gusti Ngurah Agung Setiawan"}]
Angkatan: 2024, Search: 702
Data ditemukan: [{"id":"7025","text":"7025 - Andin Pratiwi"},{"id":"7026","text":"7026 - Gede Ardi Dharma Putra"},{"id":"7028","text":"7028 - Ghazy Maulana Pratama"},{"id":"7029","text":"7029 - Gusti Ngurah Agung Setiawan"}]
Angkatan: 2024, Search: 7025
Data ditemukan: [{"id":"7025","text":"7025 - Andin Pratiwi"}]
Angkatan: 2024, Search: 702
Data ditemukan: [{"id":"7025","text":"7025 - Andin Pratiwi"},{"id":"7026","text":"7026 - Gede Ardi Dharma Putra"},{"id":"7028","text":"7028 - Ghazy Maulana Pratama"},{"id":"7029","text":"7029 - Gusti Ngurah Agung Setiawan"}]
Angkatan: 2024, Search: 70
Data ditemukan: [{"id":"7025","text":"7025 - Andin Pratiwi"},{"id":"7026","text":"7026 - Gede Ardi Dharma Putra"},{"id":"7028","text":"7028 - Ghazy Maulana Pratama"},{"id":"7029","text":"7029 - Gusti Ngurah Agung Setiawan"}]
Angkatan: 2024, Search: 7
Data ditemukan: [{"id":"7025","text":"7025 - Andin Pratiwi"},{"id":"7026","text":"7026 - Gede Ardi Dharma Putra"},{"id":"7028","text":"7028 - Ghazy Maulana Pratama"},{"id":"7029","text":"7029 - Gusti Ngurah Agung Setiawan"}]
Angkatan: 2024, Search: dsa
Angkatan: 2024, Search: ds
Angkatan: 2024, Search: d
Angkatan: all, Search: a
Angkatan: Semua, Search: s
Angkatan: Semua, Search: se
Angkatan: Semua, Search: s
Angkatan: Semua, Search: t
Angkatan: Semua, Search: th
Angkatan: Semua, Search: t
Angkatan: Semua, Search: the
Angkatan: Semua, Search: th
Angkatan: Semua, Search: t
Angkatan: Semua, Search: se
Angkatan: Semua, Search: s
Angkatan: Semua, Search: th
Angkatan: Semua, Search: t
Angkatan: Semua, Search: thei
Angkatan: Semua, Search: the
Angkatan: Semua, Search: theo
Angkatan: semua, Search: th
Angkatan: semua, Search: t
Angkatan: semua, Search: t
Angkatan: semua, Search: 
Angkatan: semua, Search: 
Angkatan: semua, Search: 
Angkatan: 2024, Search: 
Angkatan: 2024, Search: 
Angkatan: 2024, Search: 
Angkatan: 2024, Search: 
Angkatan: 2024, Search: 
Angkatan: 2024, Search: 
Angkatan: 2024, Search: 
Angkatan: 2024, Search: 
Angkatan: 2024, Search: 
Angkatan: 2024, Search: 
Angkatan: 2024, Search: 
Angkatan: 2024, Search: 
Angkatan: Semua, Search: 
Angkatan: Semua, Search: 
Angkatan: Semua, Search: 
Angkatan: Semua, Search: 
Angkatan: Semua, Search: 
Angkatan: Semua, Search: 
Angkatan: Semua, Search: 
Angkatan: Semua, Search: 
Angkatan: Semua, Search: 
Angkatan: Semua, Search: 
Angkatan: Semua, Search: 
Angkatan: Semua, Search: 
Angkatan: Semua, Search: 
Angkatan: Semua, Search: 
Angkatan: 2024, Search: 
Angkatan: 2024, Search: 
Angkatan: 2024, Search: 
Angkatan: 2024, Search: th
Angkatan: 2024, Search: 
Angkatan: 2024, Search: 
Angkatan: 2024, Search: 
Angkatan: 2024, Search: 
Angkatan: 2024, Search: 
Angkatan: 2024, Search: 
Angkatan: 2024, Search: 
Angkatan: 2024, Search: 
Angkatan: 2024, Search: 
Angkatan: 2024, Search: 
Angkatan: 2024, Search: 
Angkatan: Semua, Search: 
Angkatan: 2024, Search: 
Angkatan: 2024, Search: 
Angkatan: Semua, Search: 
Angkatan: Semua, Search: 
Angkatan: Semua, Search: 
Angkatan: Semua, Search: 
Angkatan: 2022, Search: 
Angkatan: Semua, Search: 
Angkatan: Semua, Search: 
Angkatan: Semua, Search: 
Angkatan: Semua, Search: 
Angkatan: 2024, Search: 
Angkatan: 2024, Search: 
Angkatan: 2024, Search: 
Angkatan: 2024, Search: k
Angkatan: 2024, Search: kkk
Angkatan: 2024, Search: 
Angkatan: 2024, Search: t
Angkatan: 2024, Search: 
Angkatan: 2024, Search: 123
Angkatan: 2024, Search: 
Angkatan: 2024, Search: 
Angkatan: 2024, Search: 
Angkatan: 2024, Search: 
Angkatan: 2024, Search: 
Angkatan: 2024, Search: 
Angkatan: Semua, Search: 
Angkatan: 2024, Search: 
Angkatan: 2024, Search: 
Angkatan: 2024, Search: 
Angkatan: 2024, Search: 
Angkatan: 2024, Search: 
Angkatan: Semua, Search: 
Angkatan: Semua, Search: 
Angkatan: Semua, Search: 
Angkatan: Semua, Search: 
Angkatan: Semua, Search: 
Angkatan: Semua, Search: 
Angkatan: Semua, Search: 
Angkatan: Semua, Search: 
Angkatan: Semua, Search: 
Angkatan: Semua, Search: 
Angkatan: Semua, Search: 
Angkatan: Semua, Search: 
Angkatan: Semua, Search: 
Angkatan: Semua, Search: 
